
bb_init()
    conn:
    proto_major = 7
    proto_minor = 23
    async_read = 1
    max_write = 131072
    max_readahead = 131072
    capable = 00000ffb
    want = 00000010
    max_background = 0
    congestion_threshold = 0
    context:
    fuse = 00a5f570
    uid = 0
    gid = 0
    pid = 0
    private_data = 00a5e010
    logfile = 00a5f040
    rootdir = /home/pradyot/Documents/Academics/sem6/labos/lab11/fuse-tutorial-2016-03-25/example/rootdir
    umask = 00000

bb_getattr(path="/", statbuf=0x6e280c60)
    bb_fullpath:  rootdir = "/home/pradyot/Documents/Academics/sem6/labos/lab11/fuse-tutorial-2016-03-25/example/rootdir", path = "/", fpath = "/home/pradyot/Documents/Academics/sem6/labos/lab11/fuse-tutorial-2016-03-25/example/rootdir/"
    lstat returned 0
    si:
    st_dev = 2053
    st_ino = 3678271
    st_mode = 040775
    st_nlink = 2
    st_uid = 1000
    st_gid = 1000
    st_rdev = 0
    st_size = 4096
    st_blksize = 4096
    st_blocks = 8
    st_atime = 0x56f90fab
    st_mtime = 0x56f90fab
    st_ctime = 0x56f90fab

bb_access(path="/", mask=01)
    bb_fullpath:  rootdir = "/home/pradyot/Documents/Academics/sem6/labos/lab11/fuse-tutorial-2016-03-25/example/rootdir", path = "/", fpath = "/home/pradyot/Documents/Academics/sem6/labos/lab11/fuse-tutorial-2016-03-25/example/rootdir/"

bb_getattr(path="/.git", statbuf=0x6e280c90)
    bb_fullpath:  rootdir = "/home/pradyot/Documents/Academics/sem6/labos/lab11/fuse-tutorial-2016-03-25/example/rootdir", path = "/.git", fpath = "/home/pradyot/Documents/Academics/sem6/labos/lab11/fuse-tutorial-2016-03-25/example/rootdir/.git"
    lstat returned -1
    ERROR lstat: No such file or directory
    si:
    st_dev = 0
    st_ino = 0
    st_mode = 00
    st_nlink = 0
    st_uid = 0
    st_gid = 0
    st_rdev = 0
    st_size = 0
    st_blksize = 0
    st_blocks = 0
    st_atime = 0x00000000
    st_mtime = 0x00000000
    st_ctime = 0x00000000

bb_getattr(path="/.git", statbuf=0x6ea81c90)
    bb_fullpath:  rootdir = "/home/pradyot/Documents/Academics/sem6/labos/lab11/fuse-tutorial-2016-03-25/example/rootdir", path = "/.git", fpath = "/home/pradyot/Documents/Academics/sem6/labos/lab11/fuse-tutorial-2016-03-25/example/rootdir/.git"
    lstat returned -1
    ERROR lstat: No such file or directory
    si:
    st_dev = 0
    st_ino = 0
    st_mode = 00
    st_nlink = 0
    st_uid = 0
    st_gid = 0
    st_rdev = 0
    st_size = 0
    st_blksize = 0
    st_blocks = 0
    st_atime = 0x00000000
    st_mtime = 0x00000000
    st_ctime = 0x00000000

bb_getattr(path="/HEAD", statbuf=0x6e280c90)
    bb_fullpath:  rootdir = "/home/pradyot/Documents/Academics/sem6/labos/lab11/fuse-tutorial-2016-03-25/example/rootdir", path = "/HEAD", fpath = "/home/pradyot/Documents/Academics/sem6/labos/lab11/fuse-tutorial-2016-03-25/example/rootdir/HEAD"
    lstat returned -1
    ERROR lstat: No such file or directory
    si:
    st_dev = 0
    st_ino = 0
    st_mode = 00
    st_nlink = 0
    st_uid = 0
    st_gid = 0
    st_rdev = 0
    st_size = 0
    st_blksize = 0
    st_blocks = 0
    st_atime = 0x00000000
    st_mtime = 0x00000000
    st_ctime = 0x00000000

bb_opendir(path="/", fi=0x6ea81c80)
    bb_fullpath:  rootdir = "/home/pradyot/Documents/Academics/sem6/labos/lab11/fuse-tutorial-2016-03-25/example/rootdir", path = "/", fpath = "/home/pradyot/Documents/Academics/sem6/labos/lab11/fuse-tutorial-2016-03-25/example/rootdir/"
    opendir returned 0x0x7fb668000da0
    fi:
    flags = 0x00018800
    fh_old = 0x00000000
    writepage = 0
    direct_io = 0
    keep_cache = 0
    fh = 0x00007fb668000da0
    lock_owner = 0x0000000000000000

bb_readdir(path="/", buf=0x68000c10, filler=0x6f277150, offset=0, fi=0x6e280c80)
    readdir returned 0x0x7fb668000dd0
calling filler with name bogus.txt
calling filler with name ..
calling filler with name .
    fi:
    flags = 0x00000000
    fh_old = 0x7fb668000da0
    writepage = 0
    direct_io = 0
    keep_cache = 0
    fh = 0x00007fb668000da0
    lock_owner = 0x0000000000000000

bb_getattr(path="/bogus.txt", statbuf=0x6ea81c90)
    bb_fullpath:  rootdir = "/home/pradyot/Documents/Academics/sem6/labos/lab11/fuse-tutorial-2016-03-25/example/rootdir", path = "/bogus.txt", fpath = "/home/pradyot/Documents/Academics/sem6/labos/lab11/fuse-tutorial-2016-03-25/example/rootdir/bogus.txt"
    lstat returned 0
    si:
    st_dev = 2053
    st_ino = 3677991
    st_mode = 0100664
    st_nlink = 1
    st_uid = 1000
    st_gid = 1000
    st_rdev = 0
    st_size = 11
    st_blksize = 4096
    st_blocks = 8
    st_atime = 0x56f90fab
    st_mtime = 0x56f90fab
    st_ctime = 0x56f90fab

bb_releasedir(path="/", fi=0x6ea81c90)
    fi:
    flags = 0x00000000
    fh_old = 0x7fb668000da0
    writepage = 0
    direct_io = 0
    keep_cache = 0
    fh = 0x00007fb668000da0
    lock_owner = 0x0000000000000000

bb_getattr(path="/", statbuf=0x6e280c60)
    bb_fullpath:  rootdir = "/home/pradyot/Documents/Academics/sem6/labos/lab11/fuse-tutorial-2016-03-25/example/rootdir", path = "/", fpath = "/home/pradyot/Documents/Academics/sem6/labos/lab11/fuse-tutorial-2016-03-25/example/rootdir/"
    lstat returned 0
    si:
    st_dev = 2053
    st_ino = 3678271
    st_mode = 040775
    st_nlink = 2
    st_uid = 1000
    st_gid = 1000
    st_rdev = 0
    st_size = 4096
    st_blksize = 4096
    st_blocks = 8
    st_atime = 0x56f90fb7
    st_mtime = 0x56f90fab
    st_ctime = 0x56f90fab

bb_getattr(path="/.git", statbuf=0x6ea81c90)
    bb_fullpath:  rootdir = "/home/pradyot/Documents/Academics/sem6/labos/lab11/fuse-tutorial-2016-03-25/example/rootdir", path = "/.git", fpath = "/home/pradyot/Documents/Academics/sem6/labos/lab11/fuse-tutorial-2016-03-25/example/rootdir/.git"
    lstat returned -1
    ERROR lstat: No such file or directory
    si:
    st_dev = 0
    st_ino = 0
    st_mode = 00
    st_nlink = 0
    st_uid = 0
    st_gid = 0
    st_rdev = 0
    st_size = 0
    st_blksize = 0
    st_blocks = 0
    st_atime = 0x00000000
    st_mtime = 0x00000000
    st_ctime = 0x00000000

bb_getattr(path="/.git", statbuf=0x6e280c90)
    bb_fullpath:  rootdir = "/home/pradyot/Documents/Academics/sem6/labos/lab11/fuse-tutorial-2016-03-25/example/rootdir", path = "/.git", fpath = "/home/pradyot/Documents/Academics/sem6/labos/lab11/fuse-tutorial-2016-03-25/example/rootdir/.git"
    lstat returned -1
    ERROR lstat: No such file or directory
    si:
    st_dev = 0
    st_ino = 0
    st_mode = 00
    st_nlink = 0
    st_uid = 0
    st_gid = 0
    st_rdev = 0
    st_size = 0
    st_blksize = 0
    st_blocks = 0
    st_atime = 0x00000000
    st_mtime = 0x00000000
    st_ctime = 0x00000000

bb_getattr(path="/HEAD", statbuf=0x6ea81c90)
    bb_fullpath:  rootdir = "/home/pradyot/Documents/Academics/sem6/labos/lab11/fuse-tutorial-2016-03-25/example/rootdir", path = "/HEAD", fpath = "/home/pradyot/Documents/Academics/sem6/labos/lab11/fuse-tutorial-2016-03-25/example/rootdir/HEAD"
    lstat returned -1
    ERROR lstat: No such file or directory
    si:
    st_dev = 0
    st_ino = 0
    st_mode = 00
    st_nlink = 0
    st_uid = 0
    st_gid = 0
    st_rdev = 0
    st_size = 0
    st_blksize = 0
    st_blocks = 0
    st_atime = 0x00000000
    st_mtime = 0x00000000
    st_ctime = 0x00000000

bb_getattr(path="/", statbuf=0x6e280c60)
    bb_fullpath:  rootdir = "/home/pradyot/Documents/Academics/sem6/labos/lab11/fuse-tutorial-2016-03-25/example/rootdir", path = "/", fpath = "/home/pradyot/Documents/Academics/sem6/labos/lab11/fuse-tutorial-2016-03-25/example/rootdir/"
    lstat returned 0
    si:
    st_dev = 2053
    st_ino = 3678271
    st_mode = 040775
    st_nlink = 2
    st_uid = 1000
    st_gid = 1000
    st_rdev = 0
    st_size = 4096
    st_blksize = 4096
    st_blocks = 8
    st_atime = 0x56f90fb7
    st_mtime = 0x56f90fab
    st_ctime = 0x56f90fab

bb_getattr(path="/.git", statbuf=0x6ea81c90)
    bb_fullpath:  rootdir = "/home/pradyot/Documents/Academics/sem6/labos/lab11/fuse-tutorial-2016-03-25/example/rootdir", path = "/.git", fpath = "/home/pradyot/Documents/Academics/sem6/labos/lab11/fuse-tutorial-2016-03-25/example/rootdir/.git"
    lstat returned -1
    ERROR lstat: No such file or directory
    si:
    st_dev = 0
    st_ino = 0
    st_mode = 00
    st_nlink = 0
    st_uid = 0
    st_gid = 0
    st_rdev = 0
    st_size = 0
    st_blksize = 0
    st_blocks = 0
    st_atime = 0x00000000
    st_mtime = 0x00000000
    st_ctime = 0x00000000

bb_getattr(path="/.git", statbuf=0x6e280c90)
    bb_fullpath:  rootdir = "/home/pradyot/Documents/Academics/sem6/labos/lab11/fuse-tutorial-2016-03-25/example/rootdir", path = "/.git", fpath = "/home/pradyot/Documents/Academics/sem6/labos/lab11/fuse-tutorial-2016-03-25/example/rootdir/.git"
    lstat returned -1
    ERROR lstat: No such file or directory
    si:
    st_dev = 0
    st_ino = 0
    st_mode = 00
    st_nlink = 0
    st_uid = 0
    st_gid = 0
    st_rdev = 0
    st_size = 0
    st_blksize = 0
    st_blocks = 0
    st_atime = 0x00000000
    st_mtime = 0x00000000
    st_ctime = 0x00000000

bb_getattr(path="/HEAD", statbuf=0x6ea81c90)
    bb_fullpath:  rootdir = "/home/pradyot/Documents/Academics/sem6/labos/lab11/fuse-tutorial-2016-03-25/example/rootdir", path = "/HEAD", fpath = "/home/pradyot/Documents/Academics/sem6/labos/lab11/fuse-tutorial-2016-03-25/example/rootdir/HEAD"
    lstat returned -1
    ERROR lstat: No such file or directory
    si:
    st_dev = 0
    st_ino = 0
    st_mode = 00
    st_nlink = 0
    st_uid = 0
    st_gid = 0
    st_rdev = 0
    st_size = 0
    st_blksize = 0
    st_blocks = 0
    st_atime = 0x00000000
    st_mtime = 0x00000000
    st_ctime = 0x00000000

bb_getattr(path="/pp.txt", statbuf=0x6e280c90)
    bb_fullpath:  rootdir = "/home/pradyot/Documents/Academics/sem6/labos/lab11/fuse-tutorial-2016-03-25/example/rootdir", path = "/pp.txt", fpath = "/home/pradyot/Documents/Academics/sem6/labos/lab11/fuse-tutorial-2016-03-25/example/rootdir/pp.txt"
    lstat returned -1
    ERROR lstat: No such file or directory
    si:
    st_dev = 0
    st_ino = 0
    st_mode = 00
    st_nlink = 0
    st_uid = 0
    st_gid = 0
    st_rdev = 0
    st_size = 0
    st_blksize = 0
    st_blocks = 0
    st_atime = 0x00000000
    st_mtime = 0x00000000
    st_ctime = 0x00000000

bb_getattr(path="/pp.txt", statbuf=0x6ea81c90)
    bb_fullpath:  rootdir = "/home/pradyot/Documents/Academics/sem6/labos/lab11/fuse-tutorial-2016-03-25/example/rootdir", path = "/pp.txt", fpath = "/home/pradyot/Documents/Academics/sem6/labos/lab11/fuse-tutorial-2016-03-25/example/rootdir/pp.txt"
    lstat returned -1
    ERROR lstat: No such file or directory
    si:
    st_dev = 0
    st_ino = 0
    st_mode = 00
    st_nlink = 0
    st_uid = 0
    st_gid = 0
    st_rdev = 0
    st_size = 0
    st_blksize = 0
    st_blocks = 0
    st_atime = 0x00000000
    st_mtime = 0x00000000
    st_ctime = 0x00000000

bb_getattr(path="/pp.txt", statbuf=0x6e280c90)
    bb_fullpath:  rootdir = "/home/pradyot/Documents/Academics/sem6/labos/lab11/fuse-tutorial-2016-03-25/example/rootdir", path = "/pp.txt", fpath = "/home/pradyot/Documents/Academics/sem6/labos/lab11/fuse-tutorial-2016-03-25/example/rootdir/pp.txt"
    lstat returned -1
    ERROR lstat: No such file or directory
    si:
    st_dev = 0
    st_ino = 0
    st_mode = 00
    st_nlink = 0
    st_uid = 0
    st_gid = 0
    st_rdev = 0
    st_size = 0
    st_blksize = 0
    st_blocks = 0
    st_atime = 0x00000000
    st_mtime = 0x00000000
    st_ctime = 0x00000000

bb_getattr(path="/pp.txt", statbuf=0x6ea81c90)
    bb_fullpath:  rootdir = "/home/pradyot/Documents/Academics/sem6/labos/lab11/fuse-tutorial-2016-03-25/example/rootdir", path = "/pp.txt", fpath = "/home/pradyot/Documents/Academics/sem6/labos/lab11/fuse-tutorial-2016-03-25/example/rootdir/pp.txt"
    lstat returned -1
    ERROR lstat: No such file or directory
    si:
    st_dev = 0
    st_ino = 0
    st_mode = 00
    st_nlink = 0
    st_uid = 0
    st_gid = 0
    st_rdev = 0
    st_size = 0
    st_blksize = 0
    st_blocks = 0
    st_atime = 0x00000000
    st_mtime = 0x00000000
    st_ctime = 0x00000000

bb_getattr(path="/", statbuf=0x6e280c60)
    bb_fullpath:  rootdir = "/home/pradyot/Documents/Academics/sem6/labos/lab11/fuse-tutorial-2016-03-25/example/rootdir", path = "/", fpath = "/home/pradyot/Documents/Academics/sem6/labos/lab11/fuse-tutorial-2016-03-25/example/rootdir/"
    lstat returned 0
    si:
    st_dev = 2053
    st_ino = 3678271
    st_mode = 040775
    st_nlink = 2
    st_uid = 1000
    st_gid = 1000
    st_rdev = 0
    st_size = 4096
    st_blksize = 4096
    st_blocks = 8
    st_atime = 0x56f90fb7
    st_mtime = 0x56f90fab
    st_ctime = 0x56f90fab

bb_getattr(path="/pp.txt", statbuf=0x6ea81c90)
    bb_fullpath:  rootdir = "/home/pradyot/Documents/Academics/sem6/labos/lab11/fuse-tutorial-2016-03-25/example/rootdir", path = "/pp.txt", fpath = "/home/pradyot/Documents/Academics/sem6/labos/lab11/fuse-tutorial-2016-03-25/example/rootdir/pp.txt"
    lstat returned -1
    ERROR lstat: No such file or directory
    si:
    st_dev = 0
    st_ino = 0
    st_mode = 00
    st_nlink = 0
    st_uid = 0
    st_gid = 0
    st_rdev = 0
    st_size = 0
    st_blksize = 0
    st_blocks = 0
    st_atime = 0x00000000
    st_mtime = 0x00000000
    st_ctime = 0x00000000

bb_getattr(path="/pp.txt", statbuf=0x6e280c90)
    bb_fullpath:  rootdir = "/home/pradyot/Documents/Academics/sem6/labos/lab11/fuse-tutorial-2016-03-25/example/rootdir", path = "/pp.txt", fpath = "/home/pradyot/Documents/Academics/sem6/labos/lab11/fuse-tutorial-2016-03-25/example/rootdir/pp.txt"
    lstat returned -1
    ERROR lstat: No such file or directory
    si:
    st_dev = 0
    st_ino = 0
    st_mode = 00
    st_nlink = 0
    st_uid = 0
    st_gid = 0
    st_rdev = 0
    st_size = 0
    st_blksize = 0
    st_blocks = 0
    st_atime = 0x00000000
    st_mtime = 0x00000000
    st_ctime = 0x00000000

bb_getattr(path="/pp.txt", statbuf=0x6ea81c90)
    bb_fullpath:  rootdir = "/home/pradyot/Documents/Academics/sem6/labos/lab11/fuse-tutorial-2016-03-25/example/rootdir", path = "/pp.txt", fpath = "/home/pradyot/Documents/Academics/sem6/labos/lab11/fuse-tutorial-2016-03-25/example/rootdir/pp.txt"
    lstat returned -1
    ERROR lstat: No such file or directory
    si:
    st_dev = 0
    st_ino = 0
    st_mode = 00
    st_nlink = 0
    st_uid = 0
    st_gid = 0
    st_rdev = 0
    st_size = 0
    st_blksize = 0
    st_blocks = 0
    st_atime = 0x00000000
    st_mtime = 0x00000000
    st_ctime = 0x00000000

bb_getattr(path="/pp.txt", statbuf=0x6e280c90)
    bb_fullpath:  rootdir = "/home/pradyot/Documents/Academics/sem6/labos/lab11/fuse-tutorial-2016-03-25/example/rootdir", path = "/pp.txt", fpath = "/home/pradyot/Documents/Academics/sem6/labos/lab11/fuse-tutorial-2016-03-25/example/rootdir/pp.txt"
    lstat returned -1
    ERROR lstat: No such file or directory
    si:
    st_dev = 0
    st_ino = 0
    st_mode = 00
    st_nlink = 0
    st_uid = 0
    st_gid = 0
    st_rdev = 0
    st_size = 0
    st_blksize = 0
    st_blocks = 0
    st_atime = 0x00000000
    st_mtime = 0x00000000
    st_ctime = 0x00000000

bb_mknod(path="/pp.txt", mode=0100664, dev=0)
    bb_fullpath:  rootdir = "/home/pradyot/Documents/Academics/sem6/labos/lab11/fuse-tutorial-2016-03-25/example/rootdir", path = "/pp.txt", fpath = "/home/pradyot/Documents/Academics/sem6/labos/lab11/fuse-tutorial-2016-03-25/example/rootdir/pp.txt"
    open returned 5
    close returned 0

bb_getattr(path="/pp.txt", statbuf=0x6e280c90)
    bb_fullpath:  rootdir = "/home/pradyot/Documents/Academics/sem6/labos/lab11/fuse-tutorial-2016-03-25/example/rootdir", path = "/pp.txt", fpath = "/home/pradyot/Documents/Academics/sem6/labos/lab11/fuse-tutorial-2016-03-25/example/rootdir/pp.txt"
    lstat returned 0
    si:
    st_dev = 2053
    st_ino = 3678027
    st_mode = 0100664
    st_nlink = 1
    st_uid = 1000
    st_gid = 1000
    st_rdev = 0
    st_size = 0
    st_blksize = 4096
    st_blocks = 0
    st_atime = 0x56f90fc0
    st_mtime = 0x56f90fc0
    st_ctime = 0x56f90fc0

bb_open(path"/pp.txt", fi=0x6ea81d40)
    bb_fullpath:  rootdir = "/home/pradyot/Documents/Academics/sem6/labos/lab11/fuse-tutorial-2016-03-25/example/rootdir", path = "/pp.txt", fpath = "/home/pradyot/Documents/Academics/sem6/labos/lab11/fuse-tutorial-2016-03-25/example/rootdir/pp.txt"
    open returned 5
    fi:
    flags = 0x00008001
    fh_old = 0x00000000
    writepage = 0
    direct_io = 0
    keep_cache = 0
    fh = 0x0000000000000005
    lock_owner = 0x0000000000000000

bb_write(path="/pp.txt", buf=0x6f6aa060, size=11, offset=0, fi=0x6ea81db0)
    fi:
    flags = 0x00008001
    fh_old = 0x00000005
    writepage = 0
    direct_io = 0
    keep_cache = 0
    fh = 0x0000000000000005
    lock_owner = 0x0000000000000000
Buf here: Hello world 11
    pwrite returned 11

bb_fsync(path="/pp.txt", datasync=0, fi=0x6e280d40)
    fi:
    flags = 0x00000000
    fh_old = 0x00000005
    writepage = 0
    direct_io = 0
    keep_cache = 0
    fh = 0x0000000000000005
    lock_owner = 0x0000000000000000
    fsync returned 0

bb_flush(path="/pp.txt", fi=0x6ea81d40)
    fi:
    flags = 0x00000000
    fh_old = 0x00000005
    writepage = 0
    direct_io = 0
    keep_cache = 0
    fh = 0x0000000000000005
    lock_owner = 0x7986338e1ec23b85

bb_release(path="/pp.txt", fi=0x6e280d40)
    fi:
    flags = 0x00008001
    fh_old = 0x00000005
    writepage = 0
    direct_io = 0
    keep_cache = 0
    fh = 0x0000000000000005
    lock_owner = 0xa15b429113cb7e62
    close returned 0

bb_getattr(path="/pp.txt", statbuf=0x6ea81c60)
    bb_fullpath:  rootdir = "/home/pradyot/Documents/Academics/sem6/labos/lab11/fuse-tutorial-2016-03-25/example/rootdir", path = "/pp.txt", fpath = "/home/pradyot/Documents/Academics/sem6/labos/lab11/fuse-tutorial-2016-03-25/example/rootdir/pp.txt"
    lstat returned 0
    si:
    st_dev = 2053
    st_ino = 3678027
    st_mode = 0100664
    st_nlink = 1
    st_uid = 1000
    st_gid = 1000
    st_rdev = 0
    st_size = 11
    st_blksize = 4096
    st_blocks = 8
    st_atime = 0x56f90fc0
    st_mtime = 0x56f90fc0
    st_ctime = 0x56f90fc0

bb_getattr(path="/mishra", statbuf=0x6e280c90)
    bb_fullpath:  rootdir = "/home/pradyot/Documents/Academics/sem6/labos/lab11/fuse-tutorial-2016-03-25/example/rootdir", path = "/mishra", fpath = "/home/pradyot/Documents/Academics/sem6/labos/lab11/fuse-tutorial-2016-03-25/example/rootdir/mishra"
    lstat returned -1
    ERROR lstat: No such file or directory
    si:
    st_dev = 0
    st_ino = 0
    st_mode = 00
    st_nlink = 0
    st_uid = 0
    st_gid = 0
    st_rdev = 0
    st_size = 0
    st_blksize = 0
    st_blocks = 0
    st_atime = 0x00000000
    st_mtime = 0x00000000
    st_ctime = 0x00000000

bb_getattr(path="/", statbuf=0x6da7fc60)
    bb_fullpath:  rootdir = "/home/pradyot/Documents/Academics/sem6/labos/lab11/fuse-tutorial-2016-03-25/example/rootdir", path = "/", fpath = "/home/pradyot/Documents/Academics/sem6/labos/lab11/fuse-tutorial-2016-03-25/example/rootdir/"
    lstat returned 0
    si:
    st_dev = 2053
    st_ino = 3678271
    st_mode = 040775
    st_nlink = 2
    st_uid = 1000
    st_gid = 1000
    st_rdev = 0
    st_size = 4096
    st_blksize = 4096
    st_blocks = 8
    st_atime = 0x56f90fb7
    st_mtime = 0x56f90fc0
    st_ctime = 0x56f90fc0

bb_destroy(userdata=0x00a5e010)
